Arguments: 
  C:\Program Files\nodejs\node.exe C:\Users\Lenin\.yarn\releases\yarn-1.22.4.js

PATH: 
  C:\Program Files\Git\mingw64\bin;C:\Program Files\Git\usr\bin;C:\Users\Lenin\bin;C:\Python27;C:\Python27\Scripts;C:\Windows\system32;C:\Windows;C:\Windows\System32\Wbem;C:\Windows\System32\WindowsPowerShell\v1.0;C:\Windows\System32\OpenSSH;C:\Program Files (x86)\NVIDIA Corporation\PhysX\Common;C:\Program Files\Git\cmd;C:\Program Files\nodejs;C:\WINDOWS\system32;C:\WINDOWS;C:\WINDOWS\System32\Wbem;C:\WINDOWS\System32\WindowsPowerShell\v1.0;C:\WINDOWS\System32\OpenSSH;C:\Users\Lenin\AppData\Local\Programs\Python\Python38\Scripts;C:\Users\Lenin\AppData\Local\Programs\Python\Python38;C:\Users\Lenin\AppData\Local\Microsoft\WindowsApps;C:\Users\Lenin\AppData\Local\Programs\Microsoft VS Code\bin;C:\Users\Lenin\AppData\Roaming\npm

Yarn version: 
  1.22.4

Node version: 
  12.16.2

Platform: 
  win32 x64

Trace: 
  Error: connect EHOSTUNREACH 104.16.20.35:443
      at TCPConnectWrap.afterConnect [as oncomplete] (net.js:1141:16)

npm manifest: 
  {
    "_from": "bulma-start@0.0.4",
    "_id": "bulma-start@0.0.4",
    "_inBundle": false,
    "_integrity": "sha512-/PbhZBs1tIqnU75eh1SVWKC2DeW+xtQaaKITRksvmlCSTp8BH88JJk+gML3XCGE2LhSWyHTT+AIh6mwtUyjlxQ==",
    "_location": "/bulma-start",
    "_phantomChildren": {},
    "_requested": {
      "type": "version",
      "registry": true,
      "raw": "bulma-start@0.0.4",
      "name": "bulma-start",
      "escapedName": "bulma-start",
      "rawSpec": "0.0.4",
      "saveSpec": null,
      "fetchSpec": "0.0.4"
    },
    "_requiredBy": [
      "#USER",
      "/"
    ],
    "_resolved": "https://registry.npmjs.org/bulma-start/-/bulma-start-0.0.4.tgz",
    "_shasum": "19a0783cd8f55d8f5b3d771c984ab56f72e75cb7",
    "_spec": "bulma-start@0.0.4",
    "_where": "/Users/jthomas/Desktop",
    "author": {
      "name": "Jeremy Thomas",
      "email": "bbxdesign@gmail.com",
      "url": "http://jgthms.com"
    },
    "bugs": {
      "url": "https://github.com/jgthms/bulma-start/issues"
    },
    "bundleDependencies": false,
    "deprecated": false,
    "description": "Start package for Bulma",
    "devDependencies": {
      "autoprefixer": "^9.7.6",
      "babel-cli": "^6.26.0",
      "babel-preset-env": "^1.7.0",
      "babel-preset-es2015-ie": "^6.7.0",
      "bulma": "^0.8.2",
      "node-sass": "^4.13.1",
      "npm-run-all": "^4.1.5",
      "postcss-cli": "^7.1.0"
    },
    "homepage": "https://github.com/jgthms/bulma-start#readme",
    "keywords": [
      "sass",
      "bulma",
      "css",
      "start"
    ],
    "license": "MIT",
    "name": "bulma-start",
    "repository": {
      "type": "git",
      "url": "git+https://github.com/jgthms/bulma-start.git"
    },
    "scripts": {
      "css-build": "node-sass _sass/main.scss css/main.css",
      "css-deploy": "npm run css-build && npm run css-postcss",
      "css-postcss": "postcss --use autoprefixer --output css/main.css css/main.css",
      "css-watch": "npm run css-build -- --watch",
      "deploy": "npm run css-deploy && npm run js-build",
      "js-build": "babel _javascript --out-dir lib",
      "js-watch": "npm run js-build -- --watch",
      "start": "npm-run-all --parallel css-watch js-watch"
    },
    "version": "0.0.4"
  }

yarn manifest: 
  No manifest

Lockfile: 
  No lockfile
